Determining if the pthread_create exist failed with the following output:
Change Dir: /home/apeksha/RoboND/RoboND-DeepRL-Project/build/CMakeFiles/CMakeTmp

Run Build Command:"/usr/bin/make" "cmTC_f0ec0/fast"
/usr/bin/make -f CMakeFiles/cmTC_f0ec0.dir/build.make CMakeFiles/cmTC_f0ec0.dir/build
make[1]: Entering directory '/home/apeksha/RoboND/RoboND-DeepRL-Project/build/CMakeFiles/CMakeTmp'
Building C object CMakeFiles/cmTC_f0ec0.dir/CheckSymbolExists.c.o
/usr/bin/cc    -fPIC    -o CMakeFiles/cmTC_f0ec0.dir/CheckSymbolExists.c.o   -c /home/apeksha/RoboND/RoboND-DeepRL-Project/build/CMakeFiles/CMakeTmp/CheckSymbolExists.c
Linking C executable cmTC_f0ec0
/usr/bin/cmake -E cmake_link_script CMakeFiles/cmTC_f0ec0.dir/link.txt --verbose=1
/usr/bin/cc  -fPIC     CMakeFiles/cmTC_f0ec0.dir/CheckSymbolExists.c.o  -o cmTC_f0ec0 -rdynamic 
CMakeFiles/cmTC_f0ec0.dir/CheckSymbolExists.c.o: In function `main':
CheckSymbolExists.c:(.text+0x1b): undefined reference to `pthread_create'
collect2: error: ld returned 1 exit status
CMakeFiles/cmTC_f0ec0.dir/build.make:97: recipe for target 'cmTC_f0ec0' failed
make[1]: *** [cmTC_f0ec0] Error 1
make[1]: Leaving directory '/home/apeksha/RoboND/RoboND-DeepRL-Project/build/CMakeFiles/CMakeTmp'
Makefile:126: recipe for target 'cmTC_f0ec0/fast' failed
make: *** [cmTC_f0ec0/fast] Error 2

File /home/apeksha/RoboND/RoboND-DeepRL-Project/build/CMakeFiles/CMakeTmp/CheckSymbolExists.c:
/* */
#include <pthread.h>

int main(int argc, char** argv)
{
  (void)argv;
#ifndef pthread_create
  return ((int*)(&pthread_create))[argc];
#else
  (void)argc;
  return 0;
#endif
}

Determining if the function pthread_create exists in the pthreads failed with the following output:
Change Dir: /home/apeksha/RoboND/RoboND-DeepRL-Project/build/CMakeFiles/CMakeTmp

Run Build Command:"/usr/bin/make" "cmTC_fc639/fast"
/usr/bin/make -f CMakeFiles/cmTC_fc639.dir/build.make CMakeFiles/cmTC_fc639.dir/build
make[1]: Entering directory '/home/apeksha/RoboND/RoboND-DeepRL-Project/build/CMakeFiles/CMakeTmp'
Building C object CMakeFiles/cmTC_fc639.dir/CheckFunctionExists.c.o
/usr/bin/cc    -fPIC -DCHECK_FUNCTION_EXISTS=pthread_create   -o CMakeFiles/cmTC_fc639.dir/CheckFunctionExists.c.o   -c /usr/share/cmake-3.5/Modules/CheckFunctionExists.c
Linking C executable cmTC_fc639
/usr/bin/cmake -E cmake_link_script CMakeFiles/cmTC_fc639.dir/link.txt --verbose=1
/usr/bin/cc  -fPIC -DCHECK_FUNCTION_EXISTS=pthread_create    CMakeFiles/cmTC_fc639.dir/CheckFunctionExists.c.o  -o cmTC_fc639 -rdynamic -lpthreads 
/usr/bin/ld: cannot find -lpthreads
collect2: error: ld returned 1 exit status
CMakeFiles/cmTC_fc639.dir/build.make:97: recipe for target 'cmTC_fc639' failed
make[1]: *** [cmTC_fc639] Error 1
make[1]: Leaving directory '/home/apeksha/RoboND/RoboND-DeepRL-Project/build/CMakeFiles/CMakeTmp'
Makefile:126: recipe for target 'cmTC_fc639/fast' failed
make: *** [cmTC_fc639/fast] Error 2


Determining if the Q_WS_WIN exist failed with the following output:
Change Dir: /home/apeksha/RoboND/RoboND-DeepRL-Project/build/CMakeFiles/CMakeTmp

Run Build Command:"/usr/bin/make" "cmTC_a845b/fast"
/usr/bin/make -f CMakeFiles/cmTC_a845b.dir/build.make CMakeFiles/cmTC_a845b.dir/build
make[1]: Entering directory '/home/apeksha/RoboND/RoboND-DeepRL-Project/build/CMakeFiles/CMakeTmp'
Building CXX object CMakeFiles/cmTC_a845b.dir/CheckSymbolExists.cxx.o
/usr/bin/c++    -I/usr/include/qt4  -std=c++11    -o CMakeFiles/cmTC_a845b.dir/CheckSymbolExists.cxx.o -c /home/apeksha/RoboND/RoboND-DeepRL-Project/build/CMakeFiles/CMakeTmp/CheckSymbolExists.cxx
/home/apeksha/RoboND/RoboND-DeepRL-Project/build/CMakeFiles/CMakeTmp/CheckSymbolExists.cxx: In function ‘int main(int, char**)’:
/home/apeksha/RoboND/RoboND-DeepRL-Project/build/CMakeFiles/CMakeTmp/CheckSymbolExists.cxx:8:19: error: ‘Q_WS_WIN’ was not declared in this scope
   return ((int*)(&Q_WS_WIN))[argc];
                   ^
CMakeFiles/cmTC_a845b.dir/build.make:65: recipe for target 'CMakeFiles/cmTC_a845b.dir/CheckSymbolExists.cxx.o' failed
make[1]: *** [CMakeFiles/cmTC_a845b.dir/CheckSymbolExists.cxx.o] Error 1
make[1]: Leaving directory '/home/apeksha/RoboND/RoboND-DeepRL-Project/build/CMakeFiles/CMakeTmp'
Makefile:126: recipe for target 'cmTC_a845b/fast' failed
make: *** [cmTC_a845b/fast] Error 2

File /home/apeksha/RoboND/RoboND-DeepRL-Project/build/CMakeFiles/CMakeTmp/CheckSymbolExists.cxx:
/* */
#include <QtCore/qglobal.h>

int main(int argc, char** argv)
{
  (void)argv;
#ifndef Q_WS_WIN
  return ((int*)(&Q_WS_WIN))[argc];
#else
  (void)argc;
  return 0;
#endif
}

Determining if the Q_WS_QWS exist failed with the following output:
Change Dir: /home/apeksha/RoboND/RoboND-DeepRL-Project/build/CMakeFiles/CMakeTmp

Run Build Command:"/usr/bin/make" "cmTC_8cf8b/fast"
/usr/bin/make -f CMakeFiles/cmTC_8cf8b.dir/build.make CMakeFiles/cmTC_8cf8b.dir/build
make[1]: Entering directory '/home/apeksha/RoboND/RoboND-DeepRL-Project/build/CMakeFiles/CMakeTmp'
Building CXX object CMakeFiles/cmTC_8cf8b.dir/CheckSymbolExists.cxx.o
/usr/bin/c++    -I/usr/include/qt4  -std=c++11    -o CMakeFiles/cmTC_8cf8b.dir/CheckSymbolExists.cxx.o -c /home/apeksha/RoboND/RoboND-DeepRL-Project/build/CMakeFiles/CMakeTmp/CheckSymbolExists.cxx
/home/apeksha/RoboND/RoboND-DeepRL-Project/build/CMakeFiles/CMakeTmp/CheckSymbolExists.cxx: In function ‘int main(int, char**)’:
/home/apeksha/RoboND/RoboND-DeepRL-Project/build/CMakeFiles/CMakeTmp/CheckSymbolExists.cxx:8:19: error: ‘Q_WS_QWS’ was not declared in this scope
   return ((int*)(&Q_WS_QWS))[argc];
                   ^
CMakeFiles/cmTC_8cf8b.dir/build.make:65: recipe for target 'CMakeFiles/cmTC_8cf8b.dir/CheckSymbolExists.cxx.o' failed
make[1]: *** [CMakeFiles/cmTC_8cf8b.dir/CheckSymbolExists.cxx.o] Error 1
make[1]: Leaving directory '/home/apeksha/RoboND/RoboND-DeepRL-Project/build/CMakeFiles/CMakeTmp'
Makefile:126: recipe for target 'cmTC_8cf8b/fast' failed
make: *** [cmTC_8cf8b/fast] Error 2

File /home/apeksha/RoboND/RoboND-DeepRL-Project/build/CMakeFiles/CMakeTmp/CheckSymbolExists.cxx:
/* */
#include <QtCore/qglobal.h>

int main(int argc, char** argv)
{
  (void)argv;
#ifndef Q_WS_QWS
  return ((int*)(&Q_WS_QWS))[argc];
#else
  (void)argc;
  return 0;
#endif
}

Determining if the Q_WS_MAC exist failed with the following output:
Change Dir: /home/apeksha/RoboND/RoboND-DeepRL-Project/build/CMakeFiles/CMakeTmp

Run Build Command:"/usr/bin/make" "cmTC_8a3ee/fast"
/usr/bin/make -f CMakeFiles/cmTC_8a3ee.dir/build.make CMakeFiles/cmTC_8a3ee.dir/build
make[1]: Entering directory '/home/apeksha/RoboND/RoboND-DeepRL-Project/build/CMakeFiles/CMakeTmp'
Building CXX object CMakeFiles/cmTC_8a3ee.dir/CheckSymbolExists.cxx.o
/usr/bin/c++    -I/usr/include/qt4  -std=c++11    -o CMakeFiles/cmTC_8a3ee.dir/CheckSymbolExists.cxx.o -c /home/apeksha/RoboND/RoboND-DeepRL-Project/build/CMakeFiles/CMakeTmp/CheckSymbolExists.cxx
/home/apeksha/RoboND/RoboND-DeepRL-Project/build/CMakeFiles/CMakeTmp/CheckSymbolExists.cxx: In function ‘int main(int, char**)’:
/home/apeksha/RoboND/RoboND-DeepRL-Project/build/CMakeFiles/CMakeTmp/CheckSymbolExists.cxx:8:19: error: ‘Q_WS_MAC’ was not declared in this scope
   return ((int*)(&Q_WS_MAC))[argc];
                   ^
CMakeFiles/cmTC_8a3ee.dir/build.make:65: recipe for target 'CMakeFiles/cmTC_8a3ee.dir/CheckSymbolExists.cxx.o' failed
make[1]: *** [CMakeFiles/cmTC_8a3ee.dir/CheckSymbolExists.cxx.o] Error 1
make[1]: Leaving directory '/home/apeksha/RoboND/RoboND-DeepRL-Project/build/CMakeFiles/CMakeTmp'
Makefile:126: recipe for target 'cmTC_8a3ee/fast' failed
make: *** [cmTC_8a3ee/fast] Error 2

File /home/apeksha/RoboND/RoboND-DeepRL-Project/build/CMakeFiles/CMakeTmp/CheckSymbolExists.cxx:
/* */
#include <QtCore/qglobal.h>

int main(int argc, char** argv)
{
  (void)argv;
#ifndef Q_WS_MAC
  return ((int*)(&Q_WS_MAC))[argc];
#else
  (void)argc;
  return 0;
#endif
}

